<?xml version="1.0" encoding="UTF-8"?>
<!-- Generated by org.testng.reporters.JUnitReportReporter -->
<testsuite hostname="HYDHTC397298D" name="com.aristo.test.NoRateTest" tests="2" failures="0" timestamp="3 Sep 2019 09:46:05 GMT" time="26.895" errors="0">
  <testcase name="ScheduleVacationWithNoRate" time="1.935" classname="com.aristo.test.NoRateTest"/>
  <testcase name="ScheduleVacationWithNoRate" time="24.960" classname="com.aristo.test.NoRateTest"/>
</testsuite> <!-- com.aristo.test.NoRateTest -->
