<?xml version="1.0" encoding="UTF-8"?>
<!-- Generated by org.testng.reporters.JUnitReportReporter -->
<testsuite hostname="HYDHTC397298D" name="com.nytimes.cis.test.EligibilityEngine" tests="1" failures="0" timestamp="26 Aug 2019 06:50:51 GMT" time="5.258" errors="0">
  <testcase name="EligibilityTest" time="5.258" classname="com.nytimes.cis.test.EligibilityEngine"/>
</testsuite> <!-- com.nytimes.cis.test.EligibilityEngine -->
