<?xml version="1.0" encoding="UTF-8"?>
<!-- Generated by org.testng.reporters.JUnitReportReporter -->
<testsuite hostname="HYDHTC397298D" name="com.aristo.test.AddRateTest" tests="1" failures="0" timestamp="3 Sep 2019 09:26:59 GMT" time="25.022" errors="0">
  <testcase name="ScheduleVacationWithAddRate" time="25.022" classname="com.aristo.test.AddRateTest"/>
</testsuite> <!-- com.aristo.test.AddRateTest -->
