<?xml version="1.0" encoding="UTF-8"?>
<!-- Generated by org.testng.reporters.JUnitReportReporter -->
<testsuite hostname="HYDHTC397298D" name="com.nytimes.cis.test.EligibilityOptions" tests="1" failures="0" timestamp="29 Aug 2019 05:58:38 GMT" time="56.603" errors="0">
  <testcase name="EligibilityEngineTest" time="56.603" classname="com.nytimes.cis.test.EligibilityOptions"/>
</testsuite> <!-- com.nytimes.cis.test.EligibilityOptions -->
