<?xml version="1.0" encoding="UTF-8"?>
<!-- Generated by org.testng.reporters.JUnitReportReporter -->
<testsuite hostname="HYDHTC397298D" name="com.nytimes.cis.test.VacationHistory" tests="1" failures="0" timestamp="28 Aug 2019 10:29:35 GMT" time="2.957" errors="0">
  <testcase name="VacationHistoryTest" time="2.957" classname="com.nytimes.cis.test.VacationHistory"/>
</testsuite> <!-- com.nytimes.cis.test.VacationHistory -->
