<?xml version="1.0" encoding="UTF-8"?>
<!-- Generated by org.testng.reporters.JUnitReportReporter -->
<testsuite hostname="HYDHTC397298D" name="com.aristo.test.AddRateTest" tests="1" failures="0" timestamp="30 Aug 2019 10:47:57 GMT" time="23.704" errors="0">
  <testcase name="ScheduleVacationWithAddRate" time="23.704" classname="com.aristo.test.AddRateTest"/>
</testsuite> <!-- com.aristo.test.AddRateTest -->
